[20.11.22, 23:25:36, flo.sass@web.de] 'neu' project was created
[20.11.22, 23:25:36, flo.sass@web.de] 'flo.sass@web.de' (user) was added to the project
[20.11.22, 23:28:52, flo.sass@web.de] 'interviewK1' (document) was added to the project
[20.11.22, 23:28:52, flo.sass@web.de] 'Heuristiken für Voice User Interfaces_intensiveUser' (document) was added to the project
[20.11.22, 23:28:52, flo.sass@web.de] 'interviewJDE4' (document) was added to the project
[20.11.22, 23:28:52, flo.sass@web.de] 'Heuristiken für Voice User Interfaces  (ResponsesEnglisch)' (document) was added to the project
[20.11.22, 23:28:52, flo.sass@web.de] 'InterviewK3' (document) was added to the project
[20.11.22, 23:28:52, flo.sass@web.de] 'Heuristiken für Voice User Interfaces  (ResponsesSpanish)' (document) was added to the project
[20.11.22, 23:29:02, flo.sass@web.de] 'interviewJDE3' (document) was added to the project
[20.11.22, 23:29:02, flo.sass@web.de] 'Heuristiken für Voice User Interfaces  (ResponsesGerman)' (document) was added to the project
[20.11.22, 23:29:02, flo.sass@web.de] 'interviewK2' (document) was added to the project
[20.11.22, 23:29:02, flo.sass@web.de] 'Interview D1' (document) was added to the project
[20.11.22, 23:29:02, flo.sass@web.de] 'interviewJDE1' (document) was added to the project
[20.11.22, 23:29:02, flo.sass@web.de] 'InterviewJ1' (document) was added to the project
[20.11.22, 23:29:02, flo.sass@web.de] 'interviewJDE2' (document) was added to the project
[20.11.22, 23:29:02, flo.sass@web.de] 'InterviewJ2' (document) was added to the project
[20.11.22, 23:29:44, flo.sass@web.de] 'UX-Aspects New' (code) was added to the project
[20.11.22, 23:29:44, flo.sass@web.de] 'UX-Aspects' (code) was added to the project
[20.11.22, 23:29:44, flo.sass@web.de] 'Nutzer Mit Einschränkung' (code) was added to the project
[20.11.22, 23:29:45, flo.sass@web.de] 'Zitierwürdig' (code) was added to the project
[20.11.22, 23:29:45, flo.sass@web.de] 'Politeness' (code) was added to the project
[20.11.22, 23:29:45, flo.sass@web.de] 'Reliability' (code) was added to the project
[20.11.22, 23:29:45, flo.sass@web.de] 'Customizability' (code) was added to the project
[20.11.22, 23:29:45, flo.sass@web.de] 'Voice' (code) was added to the project
[20.11.22, 23:29:45, flo.sass@web.de] 'Responsiveness' (code) was added to the project
[20.11.22, 23:29:45, flo.sass@web.de] 'Add-Free' (code) was added to the project
[20.11.22, 23:29:45, flo.sass@web.de] 'Longevity' (code) was added to the project
[20.11.22, 23:29:45, flo.sass@web.de] 'Comprehension' (code) was added to the project
[20.11.22, 23:29:45, flo.sass@web.de] 'Aesthetic' (code) was added to the project
[20.11.22, 23:29:45, flo.sass@web.de] 'Error-free' (code) was added to the project
[20.11.22, 23:29:45, flo.sass@web.de] 'Range of functions' (code) was added to the project
[20.11.22, 23:29:45, flo.sass@web.de] 'Simplicity' (code) was added to the project
[20.11.22, 23:29:45, flo.sass@web.de] 'Support of the user' (code) was added to the project
[20.11.22, 23:29:45, flo.sass@web.de] 'Personal Fulfilment' (code) was added to the project
[20.11.22, 23:29:45, flo.sass@web.de] 'Humaneness' (code) was added to the project
[20.11.22, 23:29:45, flo.sass@web.de] 'Context-sensitivity' (code) was added to the project
[20.11.22, 23:29:45, flo.sass@web.de] 'Effectivity' (code) was added to the project
[20.11.22, 23:29:45, flo.sass@web.de] 'Efficiency' (code) was added to the project
[20.11.22, 23:29:45, flo.sass@web.de] 'Privacy' (code) was added to the project
[20.11.22, 23:29:45, flo.sass@web.de] 'Safety' (code) was added to the project
[20.11.22, 23:29:45, flo.sass@web.de] 'Data Security' (code) was added to the project
[20.11.22, 23:29:45, flo.sass@web.de] 'Capability to learn' (code) was added to the project
[20.11.22, 23:29:45, flo.sass@web.de] 'Quickness' (code) was added to the project
[20.11.22, 23:29:45, flo.sass@web.de] 'Intuitivity' (code) was added to the project
[20.11.22, 23:29:45, flo.sass@web.de] 'Help with errors' (code) was added to the project
[20.11.22, 23:29:45, flo.sass@web.de] 'Linking with third-party products' (code) was added to the project
[20.11.22, 23:29:45, flo.sass@web.de] 'Practical' (code) was added to the project
[20.11.22, 23:29:45, flo.sass@web.de] 'Fun' (code) was added to the project
[20.11.22, 23:29:45, flo.sass@web.de] 'Convenience' (code) was added to the project
[20.11.22, 23:29:45, flo.sass@web.de] 'Flexibility' (code) was added to the project
[20.11.22, 23:29:45, flo.sass@web.de] 'Independency' (code) was added to the project
[20.11.22, 23:29:45, flo.sass@web.de] 'Innovation' (code) was added to the project
[20.11.22, 23:29:45, flo.sass@web.de] 'Bekanntheitsgrad' (code) was added to the project
[20.11.22, 23:29:45, flo.sass@web.de] 'Preis' (code) was added to the project
[20.11.22, 23:29:45, flo.sass@web.de] 'Gender of the voice' (code) was added to the project
[20.11.22, 23:29:45, flo.sass@web.de] 'Lacking previous features in future versions' (code) was added to the project
[20.11.22, 23:29:45, flo.sass@web.de] 'Pro spez. VUI: gute Spracherkennung' (code) was added to the project
[20.11.22, 23:29:45, flo.sass@web.de] 'Contra spez. VUI: Missverständnisse Eingabe nicht verstanden' (code) was added to the project
[20.11.22, 23:29:45, flo.sass@web.de] 'neg. Erfahrung: VUI versteht den Nutzer nicht' (code) was added to the project
[20.11.22, 23:29:45, flo.sass@web.de] 'Verbesserungsvorschlag: Dezentere Hardware' (code) was added to the project
[20.11.22, 23:29:45, flo.sass@web.de] 'Kritik: statt Echo "Klotz" lieber versteckte Funktion' (code) was added to the project
[20.11.22, 23:29:45, flo.sass@web.de] 'Kritik: Alexa Echo visuelles Feedback durch Ring statt verbal' (code) was added to the project
[20.11.22, 23:29:45, flo.sass@web.de] 'Kritik: Alexa Aktivierungs-Piepton manchmal zu leise' (code) was added to the project
[20.11.22, 23:29:45, flo.sass@web.de] 'Gegen Nutzung: Fehleranfälligkeit Abhängigkeit von VUI' (code) was added to the project
[20.11.22, 23:29:45, flo.sass@web.de] 'Contra: Siri ruft irrtümlich den Notruf' (code) was added to the project
[20.11.22, 23:29:45, flo.sass@web.de] 'Contra spez. VUI: unerwartete unpassende Antworten' (code) was added to the project
[20.11.22, 23:29:45, flo.sass@web.de] 'Contra spez. VUI: Manuelle Kontrolle nötig bei Dateneingabe' (code) was added to the project
[20.11.22, 23:29:45, flo.sass@web.de] 'Wunschfunktion: Fließende Sprache transkribieren können' (code) was added to the project
[20.11.22, 23:29:45, flo.sass@web.de] 'neg. Erfahrung: Unangenehme Konsequenzen durch Fehler des VUI' (code) was added to the project
[20.11.22, 23:29:45, flo.sass@web.de] 'Kritik: Siri zu hohe Fehlerrate beim Diktieren' (code) was added to the project
[20.11.22, 23:29:45, flo.sass@web.de] 'Pro/Contra spez. VUI: Vielfalt/Funktionsumfang' (code) was added to the project
[20.11.22, 23:29:45, flo.sass@web.de] 'Erweiterter Funktionsumfang' (code) was added to the project
[20.11.22, 23:29:45, flo.sass@web.de] 'neg. Erfahrung: fehlende Hilfestellung im Fehlerfall' (code) was added to the project
[20.11.22, 23:29:45, flo.sass@web.de] 'Sollfunktion: Feedback bei Fehlern' (code) was added to the project
[20.11.22, 23:29:45, flo.sass@web.de] 'Sollfunktion: Hilfe-Funktion' (code) was added to the project
[20.11.22, 23:29:45, flo.sass@web.de] 'interviewK1' (document) was updatet, changes in: codes
[20.11.22, 23:29:45, flo.sass@web.de] 'interviewJDE4' (document) was updatet, changes in: codes
[20.11.22, 23:29:45, flo.sass@web.de] 'InterviewK3' (document) was updatet, changes in: codes
[20.11.22, 23:29:45, flo.sass@web.de] 'Heuristiken für Voice User Interfaces  (ResponsesEnglisch)' (document) was updatet, changes in: codes
[20.11.22, 23:29:45, flo.sass@web.de] 'Heuristiken für Voice User Interfaces  (ResponsesSpanish)' (document) was updatet, changes in: codes
[20.11.22, 23:36:56, flo.sass@web.de] 'interviewK1' (document) was updatet, changes in: codes
[20.11.22, 23:36:56, flo.sass@web.de] 'interviewJDE4' (document) was updatet, changes in: codes
[20.11.22, 23:36:56, flo.sass@web.de] 'InterviewK3' (document) was updatet, changes in: codes
[20.11.22, 23:36:56, flo.sass@web.de] 'interviewJDE3' (document) was updatet, changes in: codes
[20.11.22, 23:36:56, flo.sass@web.de] 'interviewK2' (document) was updatet, changes in: codes
[20.11.22, 23:36:56, flo.sass@web.de] 'Interview D1' (document) was updatet, changes in: codes
[20.11.22, 23:36:56, flo.sass@web.de] 'interviewJDE1' (document) was updatet, changes in: codes
[20.11.22, 23:36:56, flo.sass@web.de] 'InterviewJ1' (document) was updatet, changes in: codes
[20.11.22, 23:36:56, flo.sass@web.de] 'interviewJDE2' (document) was updatet, changes in: codes
[20.11.22, 23:36:56, flo.sass@web.de] 'InterviewJ2' (document) was updatet, changes in: codes
[20.11.22, 23:36:56, flo.sass@web.de] 'Heuristiken für Voice User Interfaces  (ResponsesEnglisch)' (document) was updatet, changes in: codes
[20.11.22, 23:36:56, flo.sass@web.de] 'Heuristiken für Voice User Interfaces  (ResponsesSpanish)' (document) was updatet, changes in: codes
[20.11.22, 23:36:56, flo.sass@web.de] 'Heuristiken für Voice User Interfaces  (ResponsesGerman)' (document) was updatet, changes in: codes
[20.11.22, 23:42:12, flo.sass@web.de] 'UX-Aspects New' (code) was removed from the project including all child codes
[20.11.22, 23:42:12, flo.sass@web.de] 'UX-Aspects' (code) was removed from the project including all child codes
[20.11.22, 23:42:12, flo.sass@web.de] 'Nutzer Mit Einschränkung' (code) was removed from the project including all child codes
[20.11.22, 23:42:12, flo.sass@web.de] 'Zitierwürdig' (code) was removed from the project including all child codes
[20.11.22, 23:42:50, flo.sass@web.de] 'UX-Aspects New' (code) was added to the project
[20.11.22, 23:42:50, flo.sass@web.de] 'UX-Aspects' (code) was added to the project
[20.11.22, 23:42:50, flo.sass@web.de] 'Politeness' (code) was added to the project
[20.11.22, 23:42:50, flo.sass@web.de] 'Reliability' (code) was added to the project
[20.11.22, 23:42:50, flo.sass@web.de] 'Customizability' (code) was added to the project
[20.11.22, 23:42:50, flo.sass@web.de] 'Voice' (code) was added to the project
[20.11.22, 23:42:50, flo.sass@web.de] 'Responsiveness' (code) was added to the project
[20.11.22, 23:42:50, flo.sass@web.de] 'Add-Free' (code) was added to the project
[20.11.22, 23:42:50, flo.sass@web.de] 'Longevity' (code) was added to the project
[20.11.22, 23:42:50, flo.sass@web.de] 'Comprehension' (code) was added to the project
[20.11.22, 23:42:50, flo.sass@web.de] 'Aesthetic' (code) was added to the project
[20.11.22, 23:42:50, flo.sass@web.de] 'Error-free' (code) was added to the project
[20.11.22, 23:42:50, flo.sass@web.de] 'Range of functions' (code) was added to the project
[20.11.22, 23:42:50, flo.sass@web.de] 'Simplicity' (code) was added to the project
[20.11.22, 23:42:50, flo.sass@web.de] 'Support of the user' (code) was added to the project
[20.11.22, 23:42:50, flo.sass@web.de] 'Personal Fulfilment' (code) was added to the project
[20.11.22, 23:42:50, flo.sass@web.de] 'Humaneness' (code) was added to the project
[20.11.22, 23:42:50, flo.sass@web.de] 'Context-sensitivity' (code) was added to the project
[20.11.22, 23:42:50, flo.sass@web.de] 'Effectivity' (code) was added to the project
[20.11.22, 23:42:50, flo.sass@web.de] 'Efficiency' (code) was added to the project
[20.11.22, 23:42:50, flo.sass@web.de] 'Privacy' (code) was added to the project
[20.11.22, 23:42:50, flo.sass@web.de] 'Safety' (code) was added to the project
[20.11.22, 23:42:50, flo.sass@web.de] 'Data Security' (code) was added to the project
[20.11.22, 23:42:50, flo.sass@web.de] 'Capability to learn' (code) was added to the project
[20.11.22, 23:42:50, flo.sass@web.de] 'Quickness' (code) was added to the project
[20.11.22, 23:42:50, flo.sass@web.de] 'Intuitivity' (code) was added to the project
[20.11.22, 23:42:50, flo.sass@web.de] 'Help with errors' (code) was added to the project
[20.11.22, 23:42:50, flo.sass@web.de] 'Gender of the voice' (code) was added to the project
[20.11.22, 23:42:50, flo.sass@web.de] 'Lacking previous features in future versions' (code) was added to the project
[20.11.22, 23:42:50, flo.sass@web.de] 'Pro spez. VUI: gute Spracherkennung' (code) was added to the project
[20.11.22, 23:42:51, flo.sass@web.de] 'Contra spez. VUI: Missverständnisse Eingabe nicht verstanden' (code) was added to the project
[20.11.22, 23:42:51, flo.sass@web.de] 'neg. Erfahrung: VUI versteht den Nutzer nicht' (code) was added to the project
[20.11.22, 23:42:51, flo.sass@web.de] 'Verbesserungsvorschlag: Dezentere Hardware' (code) was added to the project
[20.11.22, 23:42:51, flo.sass@web.de] 'Kritik: statt Echo "Klotz" lieber versteckte Funktion' (code) was added to the project
[20.11.22, 23:42:51, flo.sass@web.de] 'Kritik: Alexa Echo visuelles Feedback durch Ring statt verbal' (code) was added to the project
[20.11.22, 23:42:51, flo.sass@web.de] 'Kritik: Alexa Aktivierungs-Piepton manchmal zu leise' (code) was added to the project
[20.11.22, 23:42:51, flo.sass@web.de] 'Gegen Nutzung: Fehleranfälligkeit Abhängigkeit von VUI' (code) was added to the project
[20.11.22, 23:42:51, flo.sass@web.de] 'Contra: Siri ruft irrtümlich den Notruf' (code) was added to the project
[20.11.22, 23:42:51, flo.sass@web.de] 'Contra spez. VUI: unerwartete unpassende Antworten' (code) was added to the project
[20.11.22, 23:42:51, flo.sass@web.de] 'Contra spez. VUI: Manuelle Kontrolle nötig bei Dateneingabe' (code) was added to the project
[20.11.22, 23:42:51, flo.sass@web.de] 'Wunschfunktion: Fließende Sprache transkribieren können' (code) was added to the project
[20.11.22, 23:42:51, flo.sass@web.de] 'neg. Erfahrung: Unangenehme Konsequenzen durch Fehler des VUI' (code) was added to the project
[20.11.22, 23:42:51, flo.sass@web.de] 'Kritik: Siri zu hohe Fehlerrate beim Diktieren' (code) was added to the project
[20.11.22, 23:42:51, flo.sass@web.de] 'Pro/Contra spez. VUI: Vielfalt/Funktionsumfang' (code) was added to the project
[20.11.22, 23:42:51, flo.sass@web.de] 'Erweiterter Funktionsumfang' (code) was added to the project
[20.11.22, 23:42:51, flo.sass@web.de] 'neg. Erfahrung: fehlende Hilfestellung im Fehlerfall' (code) was added to the project
[20.11.22, 23:42:51, flo.sass@web.de] 'Sollfunktion: Feedback bei Fehlern' (code) was added to the project
[20.11.22, 23:42:51, flo.sass@web.de] 'Sollfunktion: Hilfe-Funktion' (code) was added to the project
[20.11.22, 23:43:01, flo.sass@web.de] 'Nutzer Mit Einschränkung' (code) was added to the project
[20.11.22, 23:43:01, flo.sass@web.de] 'Zitierwürdig' (code) was added to the project
[20.11.22, 23:43:01, flo.sass@web.de] 'Linking with third-party products' (code) was added to the project
[20.11.22, 23:43:01, flo.sass@web.de] 'Practical' (code) was added to the project
[20.11.22, 23:43:01, flo.sass@web.de] 'Fun' (code) was added to the project
[20.11.22, 23:43:01, flo.sass@web.de] 'Convenience' (code) was added to the project
[20.11.22, 23:43:01, flo.sass@web.de] 'Flexibility' (code) was added to the project
[20.11.22, 23:43:01, flo.sass@web.de] 'Independency' (code) was added to the project
[20.11.22, 23:43:01, flo.sass@web.de] 'Innovation' (code) was added to the project
[20.11.22, 23:43:01, flo.sass@web.de] 'Bekanntheitsgrad' (code) was added to the project
[20.11.22, 23:43:01, flo.sass@web.de] 'Preis' (code) was added to the project
[20.11.22, 23:43:01, flo.sass@web.de] 'interviewK1' (document) was updatet, changes in: codes
[20.11.22, 23:43:01, flo.sass@web.de] 'interviewJDE4' (document) was updatet, changes in: codes
[20.11.22, 23:43:01, flo.sass@web.de] 'InterviewK3' (document) was updatet, changes in: codes
[20.11.22, 23:43:01, flo.sass@web.de] 'interviewJDE3' (document) was updatet, changes in: codes
[20.11.22, 23:43:01, flo.sass@web.de] 'interviewK2' (document) was updatet, changes in: codes
[20.11.22, 23:43:01, flo.sass@web.de] 'Interview D1' (document) was updatet, changes in: codes
[20.11.22, 23:43:01, flo.sass@web.de] 'interviewJDE1' (document) was updatet, changes in: codes
[20.11.22, 23:43:01, flo.sass@web.de] 'InterviewJ1' (document) was updatet, changes in: codes
[20.11.22, 23:43:01, flo.sass@web.de] 'interviewJDE2' (document) was updatet, changes in: codes
[20.11.22, 23:43:01, flo.sass@web.de] 'InterviewJ2' (document) was updatet, changes in: codes
[20.11.22, 23:43:01, flo.sass@web.de] 'Heuristiken für Voice User Interfaces  (ResponsesEnglisch)' (document) was updatet, changes in: codes
[20.11.22, 23:43:01, flo.sass@web.de] 'Heuristiken für Voice User Interfaces  (ResponsesSpanish)' (document) was updatet, changes in: codes
[20.11.22, 23:43:01, flo.sass@web.de] 'Heuristiken für Voice User Interfaces  (ResponsesGerman)' (document) was updatet, changes in: codes
[20.11.22, 23:43:19, flo.sass@web.de] 'UX-Aspects New' (code) was removed from the project including all child codes
[20.11.22, 23:43:19, flo.sass@web.de] 'UX-Aspects' (code) was removed from the project including all child codes
[20.11.22, 23:43:19, flo.sass@web.de] 'Nutzer Mit Einschränkung' (code) was removed from the project including all child codes
[20.11.22, 23:43:19, flo.sass@web.de] 'Zitierwürdig' (code) was removed from the project including all child codes
